This file contains any messages produced by compilers while
running configure, to aid debugging if configure makes a mistake.

It was created by opengl_graphics configure 0.1, which was
generated by GNU Autoconf 2.69.  Invocation command line was

  $ ./configure CPPFLAGS=-DDEBUG CXXFLAGS=-g -O0

## --------- ##
## Platform. ##
## --------- ##

hostname = localhost.san.rr.com
uname -m = x86_64
uname -r = 3.19.3-200.fc21.x86_64
uname -s = Linux
uname -v = #1 SMP Thu Mar 26 21:39:42 UTC 2015

/usr/bin/uname -p = x86_64
/bin/uname -X     = unknown

/bin/arch              = x86_64
/usr/bin/arch -k       = unknown
/usr/convex/getsysinfo = unknown
/usr/bin/hostinfo      = unknown
/bin/machine           = unknown
/usr/bin/oslevel       = unknown
/bin/universe          = unknown

PATH: /usr/lib64/qt-3.3/bin
PATH: /usr/local/bin
PATH: /usr/local/sbin
PATH: /usr/bin
PATH: /usr/sbin
PATH: /bin
PATH: /sbin
PATH: /home/mhoggan/bin
PATH: /home/mhoggan/Devel/android-ndk-r10e
PATH: /home/mhoggan/Devel/android-sdk-linux/tools
PATH: /home/mhoggan/Devel/android-sdk-linux/platform-tools/
PATH: /home/mhoggan/.fzf/bin
PATH: /home/mhoggan/.local/bin
PATH: /home/mhoggan/bin
PATH: /home/mhoggan/bin
PATH: /home/mhoggan/Devel/android-ndk-r10e
PATH: /home/mhoggan/Devel/android-sdk-linux/tools
PATH: /home/mhoggan/Devel/android-sdk-linux/platform-tools/


## ----------- ##
## Core tests. ##
## ----------- ##

configure:2349: checking for a BSD-compatible install
configure:2417: result: /usr/bin/install -c
configure:2428: checking whether build environment is sane
configure:2483: result: yes
configure:2634: checking for a thread-safe mkdir -p
configure:2673: result: /usr/bin/mkdir -p
configure:2680: checking for gawk
configure:2696: found /usr/bin/gawk
configure:2707: result: gawk
configure:2718: checking whether make sets $(MAKE)
configure:2740: result: yes
configure:2769: checking whether make supports nested variables
configure:2786: result: yes
configure:2924: checking for style of include used by make
configure:2952: result: GNU
configure:3023: checking for gcc
configure:3039: found /usr/bin/gcc
configure:3050: result: gcc
configure:3279: checking for C compiler version
configure:3288: gcc --version >&5
gcc (GCC) 4.9.2 20150212 (Red Hat 4.9.2-6)
Copyright (C) 2014 Free Software Foundation, Inc.
This is free software; see the source for copying conditions.  There is NO
warranty; not even for MERCHANTABILITY or FITNESS FOR A PARTICULAR PURPOSE.

configure:3299: $? = 0
configure:3288: gcc -v >&5
Using built-in specs.
COLLECT_GCC=gcc
COLLECT_LTO_WRAPPER=/usr/libexec/gcc/x86_64-redhat-linux/4.9.2/lto-wrapper
Target: x86_64-redhat-linux
Configured with: ../configure --prefix=/usr --mandir=/usr/share/man --infodir=/usr/share/info --with-bugurl=http://bugzilla.redhat.com/bugzilla --enable-bootstrap --enable-shared --enable-threads=posix --enable-checking=release --enable-multilib --with-system-zlib --enable-__cxa_atexit --disable-libunwind-exceptions --enable-gnu-unique-object --enable-linker-build-id --with-linker-hash-style=gnu --enable-languages=c,c++,objc,obj-c++,fortran,ada,go,lto --enable-plugin --enable-initfini-array --disable-libgcj --with-isl=/builddir/build/BUILD/gcc-4.9.2-20150212/obj-x86_64-redhat-linux/isl-install --with-cloog=/builddir/build/BUILD/gcc-4.9.2-20150212/obj-x86_64-redhat-linux/cloog-install --enable-gnu-indirect-function --with-tune=generic --with-arch_32=i686 --build=x86_64-redhat-linux
Thread model: posix
gcc version 4.9.2 20150212 (Red Hat 4.9.2-6) (GCC) 
configure:3299: $? = 0
configure:3288: gcc -V >&5
gcc: error: unrecognized command line option '-V'
gcc: fatal error: no input files
compilation terminated.
configure:3299: $? = 4
configure:3288: gcc -qversion >&5
gcc: error: unrecognized command line option '-qversion'
gcc: fatal error: no input files
compilation terminated.
configure:3299: $? = 4
configure:3319: checking whether the C compiler works
configure:3341: gcc  -DDEBUG  conftest.c  >&5
configure:3345: $? = 0
configure:3393: result: yes
configure:3396: checking for C compiler default output file name
configure:3398: result: a.out
configure:3404: checking for suffix of executables
configure:3411: gcc -o conftest  -DDEBUG  conftest.c  >&5
configure:3415: $? = 0
configure:3437: result: 
configure:3459: checking whether we are cross compiling
configure:3467: gcc -o conftest  -DDEBUG  conftest.c  >&5
configure:3471: $? = 0
configure:3478: ./conftest
configure:3482: $? = 0
configure:3497: result: no
configure:3502: checking for suffix of object files
configure:3524: gcc -c  -DDEBUG conftest.c >&5
configure:3528: $? = 0
configure:3549: result: o
configure:3553: checking whether we are using the GNU C compiler
configure:3572: gcc -c  -DDEBUG conftest.c >&5
configure:3572: $? = 0
configure:3581: result: yes
configure:3590: checking whether gcc accepts -g
configure:3610: gcc -c -g -DDEBUG conftest.c >&5
configure:3610: $? = 0
configure:3651: result: yes
configure:3668: checking for gcc option to accept ISO C89
configure:3731: gcc  -c -g -O2 -DDEBUG conftest.c >&5
configure:3731: $? = 0
configure:3744: result: none needed
configure:3769: checking whether gcc understands -c and -o together
configure:3791: gcc -c conftest.c -o conftest2.o
configure:3794: $? = 0
configure:3791: gcc -c conftest.c -o conftest2.o
configure:3794: $? = 0
configure:3806: result: yes
configure:3825: checking dependency style of gcc
configure:3936: result: gcc3
configure:4001: checking for ar
configure:4017: found /usr/bin/ar
configure:4028: result: ar
configure:4054: checking the archiver (ar) interface
configure:4070: gcc -c -g -O2 -DDEBUG conftest.c >&5
configure:4070: $? = 0
configure:4072: ar cru libconftest.a conftest.o >&5
configure:4075: $? = 0
configure:4103: result: ar
configure:4152: checking build system type
configure:4166: result: x86_64-unknown-linux-gnu
configure:4186: checking host system type
configure:4199: result: x86_64-unknown-linux-gnu
configure:4240: checking how to print strings
configure:4267: result: printf
configure:4288: checking for a sed that does not truncate output
configure:4352: result: /usr/bin/sed
configure:4370: checking for grep that handles long lines and -e
configure:4428: result: /usr/bin/grep
configure:4433: checking for egrep
configure:4495: result: /usr/bin/grep -E
configure:4500: checking for fgrep
configure:4562: result: /usr/bin/grep -F
configure:4597: checking for ld used by gcc
configure:4664: result: /usr/bin/ld
configure:4671: checking if the linker (/usr/bin/ld) is GNU ld
configure:4686: result: yes
configure:4698: checking for BSD- or MS-compatible name lister (nm)
configure:4747: result: /usr/bin/nm -B
configure:4877: checking the name lister (/usr/bin/nm -B) interface
configure:4884: gcc -c -g -O2 -DDEBUG conftest.c >&5
configure:4887: /usr/bin/nm -B "conftest.o"
configure:4890: output
0000000000000000 B some_variable
configure:4897: result: BSD nm
configure:4900: checking whether ln -s works
configure:4904: result: yes
configure:4912: checking the maximum length of command line arguments
configure:5042: result: 1572864
configure:5059: checking whether the shell understands some XSI constructs
configure:5069: result: yes
configure:5073: checking whether the shell understands "+="
configure:5079: result: yes
configure:5114: checking how to convert x86_64-unknown-linux-gnu file names to x86_64-unknown-linux-gnu format
configure:5154: result: func_convert_file_noop
configure:5161: checking how to convert x86_64-unknown-linux-gnu file names to toolchain format
configure:5181: result: func_convert_file_noop
configure:5188: checking for /usr/bin/ld option to reload object files
configure:5195: result: -r
configure:5269: checking for objdump
configure:5285: found /usr/bin/objdump
configure:5296: result: objdump
configure:5328: checking how to recognize dependent libraries
configure:5530: result: pass_all
configure:5615: checking for dlltool
configure:5645: result: no
configure:5675: checking how to associate runtime and link libraries
configure:5702: result: printf %s\n
configure:5826: checking for archiver @FILE support
configure:5843: gcc -c -g -O2 -DDEBUG conftest.c >&5
configure:5843: $? = 0
configure:5846: ar cru libconftest.a @conftest.lst >&5
configure:5849: $? = 0
configure:5854: ar cru libconftest.a @conftest.lst >&5
ar: conftest.o: No such file or directory
configure:5857: $? = 1
configure:5869: result: @
configure:5927: checking for strip
configure:5943: found /usr/bin/strip
configure:5954: result: strip
configure:6026: checking for ranlib
configure:6042: found /usr/bin/ranlib
configure:6053: result: ranlib
configure:6155: checking command to parse /usr/bin/nm -B output from gcc object
configure:6275: gcc -c -g -O2 -DDEBUG conftest.c >&5
configure:6278: $? = 0
configure:6282: /usr/bin/nm -B conftest.o \| sed -n -e 's/^.*[ ]\([ABCDGIRSTW][ABCDGIRSTW]*\)[ ][ ]*\([_A-Za-z][_A-Za-z0-9]*\)$/\1 \2 \2/p' | sed '/ __gnu_lto/d' \> conftest.nm
configure:6285: $? = 0
configure:6351: gcc -o conftest -g -O2 -DDEBUG  conftest.c conftstm.o >&5
configure:6354: $? = 0
configure:6392: result: ok
configure:6429: checking for sysroot
configure:6459: result: no
configure:6536: gcc -c -g -O2 -DDEBUG conftest.c >&5
configure:6539: $? = 0
configure:6721: checking for mt
configure:6751: result: no
configure:6771: checking if : is a manifest tool
configure:6777: : '-?'
configure:6785: result: no
configure:7427: checking how to run the C preprocessor
configure:7458: gcc -E -DDEBUG conftest.c
configure:7458: $? = 0
configure:7472: gcc -E -DDEBUG conftest.c
conftest.c:11:28: fatal error: ac_nonexistent.h: No such file or directory
 #include <ac_nonexistent.h>
                            ^
compilation terminated.
configure:7472: $? = 1
configure: failed program was:
| /* confdefs.h */
| #define PACKAGE_NAME "opengl_graphics"
| #define PACKAGE_TARNAME "opengl_graphics"
| #define PACKAGE_VERSION "0.1"
| #define PACKAGE_STRING "opengl_graphics 0.1"
| #define PACKAGE_BUGREPORT "matthew.hoggan@matthew.me"
| #define PACKAGE_URL ""
| #define PACKAGE "opengl_graphics"
| #define VERSION "0.1"
| /* end confdefs.h.  */
| #include <ac_nonexistent.h>
configure:7497: result: gcc -E
configure:7517: gcc -E -DDEBUG conftest.c
configure:7517: $? = 0
configure:7531: gcc -E -DDEBUG conftest.c
conftest.c:11:28: fatal error: ac_nonexistent.h: No such file or directory
 #include <ac_nonexistent.h>
                            ^
compilation terminated.
configure:7531: $? = 1
configure: failed program was:
| /* confdefs.h */
| #define PACKAGE_NAME "opengl_graphics"
| #define PACKAGE_TARNAME "opengl_graphics"
| #define PACKAGE_VERSION "0.1"
| #define PACKAGE_STRING "opengl_graphics 0.1"
| #define PACKAGE_BUGREPORT "matthew.hoggan@matthew.me"
| #define PACKAGE_URL ""
| #define PACKAGE "opengl_graphics"
| #define VERSION "0.1"
| /* end confdefs.h.  */
| #include <ac_nonexistent.h>
configure:7560: checking for ANSI C header files
configure:7580: gcc -c -g -O2 -DDEBUG conftest.c >&5
configure:7580: $? = 0
configure:7653: gcc -o conftest -g -O2 -DDEBUG  conftest.c  >&5
configure:7653: $? = 0
configure:7653: ./conftest
configure:7653: $? = 0
configure:7664: result: yes
configure:7677: checking for sys/types.h
configure:7677: gcc -c -g -O2 -DDEBUG conftest.c >&5
configure:7677: $? = 0
configure:7677: result: yes
configure:7677: checking for sys/stat.h
configure:7677: gcc -c -g -O2 -DDEBUG conftest.c >&5
configure:7677: $? = 0
configure:7677: result: yes
configure:7677: checking for stdlib.h
configure:7677: gcc -c -g -O2 -DDEBUG conftest.c >&5
configure:7677: $? = 0
configure:7677: result: yes
configure:7677: checking for string.h
configure:7677: gcc -c -g -O2 -DDEBUG conftest.c >&5
configure:7677: $? = 0
configure:7677: result: yes
configure:7677: checking for memory.h
configure:7677: gcc -c -g -O2 -DDEBUG conftest.c >&5
configure:7677: $? = 0
configure:7677: result: yes
configure:7677: checking for strings.h
configure:7677: gcc -c -g -O2 -DDEBUG conftest.c >&5
configure:7677: $? = 0
configure:7677: result: yes
configure:7677: checking for inttypes.h
configure:7677: gcc -c -g -O2 -DDEBUG conftest.c >&5
configure:7677: $? = 0
configure:7677: result: yes
configure:7677: checking for stdint.h
configure:7677: gcc -c -g -O2 -DDEBUG conftest.c >&5
configure:7677: $? = 0
configure:7677: result: yes
configure:7677: checking for unistd.h
configure:7677: gcc -c -g -O2 -DDEBUG conftest.c >&5
configure:7677: $? = 0
configure:7677: result: yes
configure:7691: checking for dlfcn.h
configure:7691: gcc -c -g -O2 -DDEBUG conftest.c >&5
configure:7691: $? = 0
configure:7691: result: yes
configure:7895: checking for objdir
configure:7910: result: .libs
configure:8181: checking if gcc supports -fno-rtti -fno-exceptions
configure:8199: gcc -c -g -O2 -DDEBUG -fno-rtti -fno-exceptions conftest.c >&5
cc1: warning: command line option '-fno-rtti' is valid for C++/ObjC++ but not for C
configure:8203: $? = 0
configure:8216: result: no
configure:8543: checking for gcc option to produce PIC
configure:8550: result: -fPIC -DPIC
configure:8558: checking if gcc PIC flag -fPIC -DPIC works
configure:8576: gcc -c -g -O2 -DDEBUG -fPIC -DPIC -DPIC conftest.c >&5
configure:8580: $? = 0
configure:8593: result: yes
configure:8622: checking if gcc static flag -static works
configure:8650: result: no
configure:8665: checking if gcc supports -c -o file.o
configure:8686: gcc -c -g -O2 -DDEBUG -o out/conftest2.o conftest.c >&5
configure:8690: $? = 0
configure:8712: result: yes
configure:8720: checking if gcc supports -c -o file.o
configure:8767: result: yes
configure:8800: checking whether the gcc linker (/usr/bin/ld -m elf_x86_64) supports shared libraries
configure:9953: result: yes
configure:9990: checking whether -lc should be explicitly linked in
configure:9998: gcc -c -g -O2 -DDEBUG conftest.c >&5
configure:10001: $? = 0
configure:10016: gcc -shared  -fPIC -DPIC conftest.o  -v -Wl,-soname -Wl,conftest -o conftest 2\>\&1 \| /usr/bin/grep  -lc  \>/dev/null 2\>\&1
configure:10019: $? = 0
configure:10033: result: no
configure:10193: checking dynamic linker characteristics
configure:10704: gcc -o conftest -g -O2 -DDEBUG  -Wl,-rpath -Wl,/foo conftest.c  >&5
configure:10704: $? = 0
configure:10930: result: GNU/Linux ld.so
configure:11037: checking how to hardcode library paths into programs
configure:11062: result: immediate
configure:11602: checking whether stripping libraries is possible
configure:11607: result: yes
configure:11642: checking if libtool supports shared libraries
configure:11644: result: yes
configure:11647: checking whether to build shared libraries
configure:11668: result: yes
configure:11671: checking whether to build static libraries
configure:11675: result: yes
configure:11782: checking for g++
configure:11798: found /usr/bin/g++
configure:11809: result: g++
configure:11836: checking for C++ compiler version
configure:11845: g++ --version >&5
g++ (GCC) 4.9.2 20150212 (Red Hat 4.9.2-6)
Copyright (C) 2014 Free Software Foundation, Inc.
This is free software; see the source for copying conditions.  There is NO
warranty; not even for MERCHANTABILITY or FITNESS FOR A PARTICULAR PURPOSE.

configure:11856: $? = 0
configure:11845: g++ -v >&5
Using built-in specs.
COLLECT_GCC=g++
COLLECT_LTO_WRAPPER=/usr/libexec/gcc/x86_64-redhat-linux/4.9.2/lto-wrapper
Target: x86_64-redhat-linux
Configured with: ../configure --prefix=/usr --mandir=/usr/share/man --infodir=/usr/share/info --with-bugurl=http://bugzilla.redhat.com/bugzilla --enable-bootstrap --enable-shared --enable-threads=posix --enable-checking=release --enable-multilib --with-system-zlib --enable-__cxa_atexit --disable-libunwind-exceptions --enable-gnu-unique-object --enable-linker-build-id --with-linker-hash-style=gnu --enable-languages=c,c++,objc,obj-c++,fortran,ada,go,lto --enable-plugin --enable-initfini-array --disable-libgcj --with-isl=/builddir/build/BUILD/gcc-4.9.2-20150212/obj-x86_64-redhat-linux/isl-install --with-cloog=/builddir/build/BUILD/gcc-4.9.2-20150212/obj-x86_64-redhat-linux/cloog-install --enable-gnu-indirect-function --with-tune=generic --with-arch_32=i686 --build=x86_64-redhat-linux
Thread model: posix
gcc version 4.9.2 20150212 (Red Hat 4.9.2-6) (GCC) 
configure:11856: $? = 0
configure:11845: g++ -V >&5
g++: error: unrecognized command line option '-V'
g++: fatal error: no input files
compilation terminated.
configure:11856: $? = 4
configure:11845: g++ -qversion >&5
g++: error: unrecognized command line option '-qversion'
g++: fatal error: no input files
compilation terminated.
configure:11856: $? = 4
configure:11860: checking whether we are using the GNU C++ compiler
configure:11879: g++ -c -g -O0 -DDEBUG conftest.cpp >&5
configure:11879: $? = 0
configure:11888: result: yes
configure:11897: checking whether g++ accepts -g
configure:11917: g++ -c -g -DDEBUG conftest.cpp >&5
configure:11917: $? = 0
configure:11958: result: yes
configure:11983: checking dependency style of g++
configure:12094: result: gcc3
configure:12127: checking how to run the C++ preprocessor
configure:12154: g++ -E -DDEBUG conftest.cpp
configure:12154: $? = 0
configure:12168: g++ -E -DDEBUG conftest.cpp
conftest.cpp:23:28: fatal error: ac_nonexistent.h: No such file or directory
 #include <ac_nonexistent.h>
                            ^
compilation terminated.
configure:12168: $? = 1
configure: failed program was:
| /* confdefs.h */
| #define PACKAGE_NAME "opengl_graphics"
| #define PACKAGE_TARNAME "opengl_graphics"
| #define PACKAGE_VERSION "0.1"
| #define PACKAGE_STRING "opengl_graphics 0.1"
| #define PACKAGE_BUGREPORT "matthew.hoggan@matthew.me"
| #define PACKAGE_URL ""
| #define PACKAGE "opengl_graphics"
| #define VERSION "0.1"
| #define STDC_HEADERS 1
| #define HAVE_SYS_TYPES_H 1
| #define HAVE_SYS_STAT_H 1
| #define HAVE_STDLIB_H 1
| #define HAVE_STRING_H 1
| #define HAVE_MEMORY_H 1
| #define HAVE_STRINGS_H 1
| #define HAVE_INTTYPES_H 1
| #define HAVE_STDINT_H 1
| #define HAVE_UNISTD_H 1
| #define HAVE_DLFCN_H 1
| #define LT_OBJDIR ".libs/"
| /* end confdefs.h.  */
| #include <ac_nonexistent.h>
configure:12193: result: g++ -E
configure:12213: g++ -E -DDEBUG conftest.cpp
configure:12213: $? = 0
configure:12227: g++ -E -DDEBUG conftest.cpp
conftest.cpp:23:28: fatal error: ac_nonexistent.h: No such file or directory
 #include <ac_nonexistent.h>
                            ^
compilation terminated.
configure:12227: $? = 1
configure: failed program was:
| /* confdefs.h */
| #define PACKAGE_NAME "opengl_graphics"
| #define PACKAGE_TARNAME "opengl_graphics"
| #define PACKAGE_VERSION "0.1"
| #define PACKAGE_STRING "opengl_graphics 0.1"
| #define PACKAGE_BUGREPORT "matthew.hoggan@matthew.me"
| #define PACKAGE_URL ""
| #define PACKAGE "opengl_graphics"
| #define VERSION "0.1"
| #define STDC_HEADERS 1
| #define HAVE_SYS_TYPES_H 1
| #define HAVE_SYS_STAT_H 1
| #define HAVE_STDLIB_H 1
| #define HAVE_STRING_H 1
| #define HAVE_MEMORY_H 1
| #define HAVE_STRINGS_H 1
| #define HAVE_INTTYPES_H 1
| #define HAVE_STDINT_H 1
| #define HAVE_UNISTD_H 1
| #define HAVE_DLFCN_H 1
| #define LT_OBJDIR ".libs/"
| /* end confdefs.h.  */
| #include <ac_nonexistent.h>
configure:12396: checking for ld used by g++
configure:12463: result: /usr/bin/ld -m elf_x86_64
configure:12470: checking if the linker (/usr/bin/ld -m elf_x86_64) is GNU ld
configure:12485: result: yes
configure:12540: checking whether the g++ linker (/usr/bin/ld -m elf_x86_64) supports shared libraries
configure:13545: result: yes
configure:13581: g++ -c -g -O0 -DDEBUG conftest.cpp >&5
configure:13584: $? = 0
configure:14104: checking for g++ option to produce PIC
configure:14111: result: -fPIC -DPIC
configure:14119: checking if g++ PIC flag -fPIC -DPIC works
configure:14137: g++ -c -g -O0 -DDEBUG -fPIC -DPIC -DPIC conftest.cpp >&5
configure:14141: $? = 0
configure:14154: result: yes
configure:14177: checking if g++ static flag -static works
configure:14205: result: no
configure:14217: checking if g++ supports -c -o file.o
configure:14238: g++ -c -g -O0 -DDEBUG -o out/conftest2.o conftest.cpp >&5
configure:14242: $? = 0
configure:14264: result: yes
configure:14269: checking if g++ supports -c -o file.o
configure:14316: result: yes
configure:14346: checking whether the g++ linker (/usr/bin/ld -m elf_x86_64) supports shared libraries
configure:14382: result: yes
configure:14523: checking dynamic linker characteristics
configure:15194: result: GNU/Linux ld.so
configure:15247: checking how to hardcode library paths into programs
configure:15272: result: immediate
configure:15319: checking whether g++ supports C++11 features by default
configure:15376: g++ -c -g -O0 -DDEBUG conftest.cpp >&5
conftest.cpp:27:21: error: expected identifier before 'sizeof'
       static_assert(sizeof(int) <= sizeof(T), "not big enough");
                     ^
conftest.cpp:27:21: error: expected ',' or '...' before 'sizeof'
conftest.cpp:27:63: error: ISO C++ forbids declaration of 'static_assert' with no type [-fpermissive]
       static_assert(sizeof(int) <= sizeof(T), "not big enough");
                                                               ^
conftest.cpp:34:20: warning: override controls (override/final) only available with -std=c++11 or -std=gnu++11
     virtual void f() override {}
                    ^
conftest.cpp:37:29: error: '>>' should be '> >' within a nested template argument list
     typedef check<check<bool>> right_angle_brackets;
                             ^
conftest.cpp:40:13: error: expected constructor, destructor, or type conversion before '(' token
     decltype(a) b;
             ^
conftest.cpp:44:15: error: expected unqualified-id before '&&' token
     check_type&& cr = static_cast<check_type&&>(c);
               ^
conftest.cpp:46:10: error: 'd' does not name a type
     auto d = a;
          ^
conftest.cpp:47:10: error: 'l' does not name a type
     auto l = [](){};
          ^
conftest.cpp: In constructor 'use_l::use_l()':
conftest.cpp:49:32: error: 'l' was not declared in this scope
     struct use_l { use_l() { l(); } };
                                ^
conftest.cpp: At global scope:
conftest.cpp:57:9: error: expected unqualified-id before 'using'
         using member = typename T::member_type;
         ^
conftest.cpp:63:19: error: variable or field 'func' declared void
         void func(member<T>*) {}
                   ^
conftest.cpp:63:19: error: 'member' was not declared in this scope
conftest.cpp:63:27: error: expected primary-expression before '>' token
         void func(member<T>*) {}
                           ^
conftest.cpp:63:29: error: expected primary-expression before ')' token
         void func(member<T>*) {}
                             ^
configure:15376: $? = 1
configure: failed program was:
| /* confdefs.h */
| #define PACKAGE_NAME "opengl_graphics"
| #define PACKAGE_TARNAME "opengl_graphics"
| #define PACKAGE_VERSION "0.1"
| #define PACKAGE_STRING "opengl_graphics 0.1"
| #define PACKAGE_BUGREPORT "matthew.hoggan@matthew.me"
| #define PACKAGE_URL ""
| #define PACKAGE "opengl_graphics"
| #define VERSION "0.1"
| #define STDC_HEADERS 1
| #define HAVE_SYS_TYPES_H 1
| #define HAVE_SYS_STAT_H 1
| #define HAVE_STDLIB_H 1
| #define HAVE_STRING_H 1
| #define HAVE_MEMORY_H 1
| #define HAVE_STRINGS_H 1
| #define HAVE_INTTYPES_H 1
| #define HAVE_STDINT_H 1
| #define HAVE_UNISTD_H 1
| #define HAVE_DLFCN_H 1
| #define LT_OBJDIR ".libs/"
| /* end confdefs.h.  */
| 
|   template <typename T>
|     struct check
|     {
|       static_assert(sizeof(int) <= sizeof(T), "not big enough");
|     };
| 
|     struct Base {
|     virtual void f() {}
|     };
|     struct Child : public Base {
|     virtual void f() override {}
|     };
| 
|     typedef check<check<bool>> right_angle_brackets;
| 
|     int a;
|     decltype(a) b;
| 
|     typedef check<int> check_type;
|     check_type c;
|     check_type&& cr = static_cast<check_type&&>(c);
| 
|     auto d = a;
|     auto l = [](){};
|     // Prevent Clang error: unused variable 'l' [-Werror,-Wunused-variable]
|     struct use_l { use_l() { l(); } };
| 
|     // http://stackoverflow.com/questions/13728184/template-aliases-and-sfinae
|     // Clang 3.1 fails with headers of libstd++ 4.8.3 when using std::function because of this
|     namespace test_template_alias_sfinae {
|         struct foo {};
| 
|         template<typename T>
|         using member = typename T::member_type;
| 
|         template<typename T>
|         void func(...) {}
| 
|         template<typename T>
|         void func(member<T>*) {}
| 
|         void test();
| 
|         void test() {
|             func<foo>(0);
|         }
|     }
| 
configure:15383: result: no
configure:15392: checking whether g++ supports C++11 features with -std=gnu++11
configure:15451: g++ -c -g -O0 -std=gnu++11 -DDEBUG conftest.cpp >&5
configure:15451: $? = 0
configure:15460: result: yes
configure:15577: checking for stdbool.h that conforms to C99
configure:15644: g++ -c -g -O0 -std=gnu++11 -DDEBUG conftest.cpp >&5
configure:15644: $? = 0
configure:15651: result: yes
configure:15653: checking for _Bool
configure:15653: g++ -c -g -O0 -std=gnu++11 -DDEBUG conftest.cpp >&5
conftest.cpp: In function 'int main()':
conftest.cpp:59:13: error: '_Bool' was not declared in this scope
 if (sizeof (_Bool))
             ^
configure:15653: $? = 1
configure: failed program was:
| /* confdefs.h */
| #define PACKAGE_NAME "opengl_graphics"
| #define PACKAGE_TARNAME "opengl_graphics"
| #define PACKAGE_VERSION "0.1"
| #define PACKAGE_STRING "opengl_graphics 0.1"
| #define PACKAGE_BUGREPORT "matthew.hoggan@matthew.me"
| #define PACKAGE_URL ""
| #define PACKAGE "opengl_graphics"
| #define VERSION "0.1"
| #define STDC_HEADERS 1
| #define HAVE_SYS_TYPES_H 1
| #define HAVE_SYS_STAT_H 1
| #define HAVE_STDLIB_H 1
| #define HAVE_STRING_H 1
| #define HAVE_MEMORY_H 1
| #define HAVE_STRINGS_H 1
| #define HAVE_INTTYPES_H 1
| #define HAVE_STDINT_H 1
| #define HAVE_UNISTD_H 1
| #define HAVE_DLFCN_H 1
| #define LT_OBJDIR ".libs/"
| /* end confdefs.h.  */
| #include <stdio.h>
| #ifdef HAVE_SYS_TYPES_H
| # include <sys/types.h>
| #endif
| #ifdef HAVE_SYS_STAT_H
| # include <sys/stat.h>
| #endif
| #ifdef STDC_HEADERS
| # include <stdlib.h>
| # include <stddef.h>
| #else
| # ifdef HAVE_STDLIB_H
| #  include <stdlib.h>
| # endif
| #endif
| #ifdef HAVE_STRING_H
| # if !defined STDC_HEADERS && defined HAVE_MEMORY_H
| #  include <memory.h>
| # endif
| # include <string.h>
| #endif
| #ifdef HAVE_STRINGS_H
| # include <strings.h>
| #endif
| #ifdef HAVE_INTTYPES_H
| # include <inttypes.h>
| #endif
| #ifdef HAVE_STDINT_H
| # include <stdint.h>
| #endif
| #ifdef HAVE_UNISTD_H
| # include <unistd.h>
| #endif
| int
| main ()
| {
| if (sizeof (_Bool))
| 	 return 0;
|   ;
|   return 0;
| }
configure:15653: result: no
configure:15783: checking that generated files are newer than configure
configure:15789: result: done
configure:15816: creating ./config.status

## ---------------------- ##
## Running config.status. ##
## ---------------------- ##

This file was extended by opengl_graphics config.status 0.1, which was
generated by GNU Autoconf 2.69.  Invocation command line was

  CONFIG_FILES    = 
  CONFIG_HEADERS  = 
  CONFIG_LINKS    = 
  CONFIG_COMMANDS = 
  $ ./config.status 

on localhost.san.rr.com

config.status:1145: creating Makefile
config.status:1145: creating config.h
config.status:1326: config.h is unchanged
config.status:1374: executing depfiles commands
config.status:1374: executing libtool commands

## ---------------- ##
## Cache variables. ##
## ---------------- ##

ac_cv_build=x86_64-unknown-linux-gnu
ac_cv_c_compiler_gnu=yes
ac_cv_cxx_compiler_gnu=yes
ac_cv_env_CCC_set=
ac_cv_env_CCC_value=
ac_cv_env_CC_set=
ac_cv_env_CC_value=
ac_cv_env_CFLAGS_set=
ac_cv_env_CFLAGS_value=
ac_cv_env_CPPFLAGS_set=set
ac_cv_env_CPPFLAGS_value=-DDEBUG
ac_cv_env_CPP_set=
ac_cv_env_CPP_value=
ac_cv_env_CXXCPP_set=
ac_cv_env_CXXCPP_value=
ac_cv_env_CXXFLAGS_set=set
ac_cv_env_CXXFLAGS_value='-g -O0'
ac_cv_env_CXX_set=
ac_cv_env_CXX_value=
ac_cv_env_LDFLAGS_set=
ac_cv_env_LDFLAGS_value=
ac_cv_env_LIBS_set=
ac_cv_env_LIBS_value=
ac_cv_env_build_alias_set=
ac_cv_env_build_alias_value=
ac_cv_env_host_alias_set=
ac_cv_env_host_alias_value=
ac_cv_env_target_alias_set=
ac_cv_env_target_alias_value=
ac_cv_header_dlfcn_h=yes
ac_cv_header_inttypes_h=yes
ac_cv_header_memory_h=yes
ac_cv_header_stdbool_h=yes
ac_cv_header_stdc=yes
ac_cv_header_stdint_h=yes
ac_cv_header_stdlib_h=yes
ac_cv_header_string_h=yes
ac_cv_header_strings_h=yes
ac_cv_header_sys_stat_h=yes
ac_cv_header_sys_types_h=yes
ac_cv_header_unistd_h=yes
ac_cv_host=x86_64-unknown-linux-gnu
ac_cv_objext=o
ac_cv_path_EGREP='/usr/bin/grep -E'
ac_cv_path_FGREP='/usr/bin/grep -F'
ac_cv_path_GREP=/usr/bin/grep
ac_cv_path_SED=/usr/bin/sed
ac_cv_path_install='/usr/bin/install -c'
ac_cv_path_mkdir=/usr/bin/mkdir
ac_cv_prog_AWK=gawk
ac_cv_prog_CPP='gcc -E'
ac_cv_prog_CXXCPP='g++ -E'
ac_cv_prog_ac_ct_AR=ar
ac_cv_prog_ac_ct_CC=gcc
ac_cv_prog_ac_ct_CXX=g++
ac_cv_prog_ac_ct_OBJDUMP=objdump
ac_cv_prog_ac_ct_RANLIB=ranlib
ac_cv_prog_ac_ct_STRIP=strip
ac_cv_prog_cc_c89=
ac_cv_prog_cc_g=yes
ac_cv_prog_cxx_g=yes
ac_cv_prog_make_make_set=yes
ac_cv_type__Bool=no
am_cv_CC_dependencies_compiler_type=gcc3
am_cv_CXX_dependencies_compiler_type=gcc3
am_cv_ar_interface=ar
am_cv_make_support_nested_variables=yes
am_cv_prog_cc_c_o=yes
ax_cv_cxx_compile_cxx11=no
ax_cv_cxx_compile_cxx11__std_gnupp11=yes
lt_cv_ar_at_file=@
lt_cv_archive_cmds_need_lc=no
lt_cv_deplibs_check_method=pass_all
lt_cv_file_magic_cmd='$MAGIC_CMD'
lt_cv_file_magic_test_file=
lt_cv_ld_reload_flag=-r
lt_cv_nm_interface='BSD nm'
lt_cv_objdir=.libs
lt_cv_path_LD=/usr/bin/ld
lt_cv_path_LDCXX='/usr/bin/ld -m elf_x86_64'
lt_cv_path_NM='/usr/bin/nm -B'
lt_cv_path_mainfest_tool=no
lt_cv_prog_compiler_c_o=yes
lt_cv_prog_compiler_c_o_CXX=yes
lt_cv_prog_compiler_pic='-fPIC -DPIC'
lt_cv_prog_compiler_pic_CXX='-fPIC -DPIC'
lt_cv_prog_compiler_pic_works=yes
lt_cv_prog_compiler_pic_works_CXX=yes
lt_cv_prog_compiler_rtti_exceptions=no
lt_cv_prog_compiler_static_works=no
lt_cv_prog_compiler_static_works_CXX=no
lt_cv_prog_gnu_ld=yes
lt_cv_prog_gnu_ldcxx=yes
lt_cv_sharedlib_from_linklib_cmd='printf %s\n'
lt_cv_shlibpath_overrides_runpath=no
lt_cv_sys_global_symbol_pipe='sed -n -e '\''s/^.*[	 ]\([ABCDGIRSTW][ABCDGIRSTW]*\)[	 ][	 ]*\([_A-Za-z][_A-Za-z0-9]*\)$/\1 \2 \2/p'\'' | sed '\''/ __gnu_lto/d'\'''
lt_cv_sys_global_symbol_to_c_name_address='sed -n -e '\''s/^: \([^ ]*\)[ ]*$/  {\"\1\", (void *) 0},/p'\'' -e '\''s/^[ABCDGIRSTW]* \([^ ]*\) \([^ ]*\)$/  {"\2", (void *) \&\2},/p'\'''
lt_cv_sys_global_symbol_to_c_name_address_lib_prefix='sed -n -e '\''s/^: \([^ ]*\)[ ]*$/  {\"\1\", (void *) 0},/p'\'' -e '\''s/^[ABCDGIRSTW]* \([^ ]*\) \(lib[^ ]*\)$/  {"\2", (void *) \&\2},/p'\'' -e '\''s/^[ABCDGIRSTW]* \([^ ]*\) \([^ ]*\)$/  {"lib\2", (void *) \&\2},/p'\'''
lt_cv_sys_global_symbol_to_cdecl='sed -n -e '\''s/^T .* \(.*\)$/extern int \1();/p'\'' -e '\''s/^[ABCDGIRSTW]* .* \(.*\)$/extern char \1;/p'\'''
lt_cv_sys_max_cmd_len=1572864
lt_cv_to_host_file_cmd=func_convert_file_noop
lt_cv_to_tool_file_cmd=func_convert_file_noop

## ----------------- ##
## Output variables. ##
## ----------------- ##

ACLOCAL='${SHELL} /home/mhoggan/Devel/ArmyBalancer/opengl_graphics/build/missing aclocal-1.14'
AMDEPBACKSLASH='\'
AMDEP_FALSE='#'
AMDEP_TRUE=''
AMTAR='$${TAR-tar}'
AM_BACKSLASH='\'
AM_DEFAULT_V='$(AM_DEFAULT_VERBOSITY)'
AM_DEFAULT_VERBOSITY='1'
AM_V='$(V)'
AR='ar'
AUTOCONF='${SHELL} /home/mhoggan/Devel/ArmyBalancer/opengl_graphics/build/missing autoconf'
AUTOHEADER='${SHELL} /home/mhoggan/Devel/ArmyBalancer/opengl_graphics/build/missing autoheader'
AUTOMAKE='${SHELL} /home/mhoggan/Devel/ArmyBalancer/opengl_graphics/build/missing automake-1.14'
AWK='gawk'
CC='gcc'
CCDEPMODE='depmode=gcc3'
CFLAGS='-g -O2'
CPP='gcc -E'
CPPFLAGS='-DDEBUG'
CXX='g++'
CXXCPP='g++ -E'
CXXDEPMODE='depmode=gcc3'
CXXFLAGS='-g -O0 -std=gnu++11'
CYGPATH_W='echo'
DEFS='-DHAVE_CONFIG_H'
DEPDIR='.deps'
DLLTOOL='false'
DSYMUTIL=''
DUMPBIN=''
ECHO_C=''
ECHO_N='-n'
ECHO_T=''
EGREP='/usr/bin/grep -E'
EXEEXT=''
FGREP='/usr/bin/grep -F'
GREP='/usr/bin/grep'
HAVE_CXX11=''
INSTALL_DATA='${INSTALL} -m 644'
INSTALL_PROGRAM='${INSTALL}'
INSTALL_SCRIPT='${INSTALL}'
INSTALL_STRIP_PROGRAM='$(install_sh) -c -s'
LD='/usr/bin/ld -m elf_x86_64'
LDFLAGS=''
LIBOBJS=''
LIBS=''
LIBTOOL='$(SHELL) $(top_builddir)/libtool'
LIPO=''
LN_S='ln -s'
LTLIBOBJS=''
MAKEINFO='${SHELL} /home/mhoggan/Devel/ArmyBalancer/opengl_graphics/build/missing makeinfo'
MANIFEST_TOOL=':'
MKDIR_P='/usr/bin/mkdir -p'
NM='/usr/bin/nm -B'
NMEDIT=''
OBJDUMP='objdump'
OBJEXT='o'
OTOOL64=''
OTOOL=''
PACKAGE='opengl_graphics'
PACKAGE_BUGREPORT='matthew.hoggan@matthew.me'
PACKAGE_NAME='opengl_graphics'
PACKAGE_STRING='opengl_graphics 0.1'
PACKAGE_TARNAME='opengl_graphics'
PACKAGE_URL=''
PACKAGE_VERSION='0.1'
PATH_SEPARATOR=':'
RANLIB='ranlib'
SED='/usr/bin/sed'
SET_MAKE=''
SHELL='/bin/sh'
STRIP='strip'
VERSION='0.1'
ac_ct_AR='ar'
ac_ct_CC='gcc'
ac_ct_CXX='g++'
ac_ct_DUMPBIN=''
am__EXEEXT_FALSE=''
am__EXEEXT_TRUE='#'
am__fastdepCC_FALSE='#'
am__fastdepCC_TRUE=''
am__fastdepCXX_FALSE='#'
am__fastdepCXX_TRUE=''
am__include='include'
am__isrc=''
am__leading_dot='.'
am__nodep='_no'
am__quote=''
am__tar='$${TAR-tar} chof - "$$tardir"'
am__untar='$${TAR-tar} xf -'
bindir='${exec_prefix}/bin'
build='x86_64-unknown-linux-gnu'
build_alias=''
build_cpu='x86_64'
build_os='linux-gnu'
build_vendor='unknown'
datadir='${datarootdir}'
datarootdir='${prefix}/share'
docdir='${datarootdir}/doc/${PACKAGE_TARNAME}'
dvidir='${docdir}'
exec_prefix='${prefix}'
host='x86_64-unknown-linux-gnu'
host_alias=''
host_cpu='x86_64'
host_os='linux-gnu'
host_vendor='unknown'
htmldir='${docdir}'
includedir='${prefix}/include'
infodir='${datarootdir}/info'
install_sh='${SHELL} /home/mhoggan/Devel/ArmyBalancer/opengl_graphics/build/install-sh'
libdir='${exec_prefix}/lib'
libexecdir='${exec_prefix}/libexec'
localedir='${datarootdir}/locale'
localstatedir='${prefix}/var'
mandir='${datarootdir}/man'
mkdir_p='$(MKDIR_P)'
oldincludedir='/usr/include'
pdfdir='${docdir}'
prefix='/usr/local'
program_transform_name='s,x,x,'
psdir='${docdir}'
sbindir='${exec_prefix}/sbin'
sharedstatedir='${prefix}/com'
sysconfdir='${prefix}/etc'
target_alias=''

## ----------- ##
## confdefs.h. ##
## ----------- ##

/* confdefs.h */
#define PACKAGE_NAME "opengl_graphics"
#define PACKAGE_TARNAME "opengl_graphics"
#define PACKAGE_VERSION "0.1"
#define PACKAGE_STRING "opengl_graphics 0.1"
#define PACKAGE_BUGREPORT "matthew.hoggan@matthew.me"
#define PACKAGE_URL ""
#define PACKAGE "opengl_graphics"
#define VERSION "0.1"
#define STDC_HEADERS 1
#define HAVE_SYS_TYPES_H 1
#define HAVE_SYS_STAT_H 1
#define HAVE_STDLIB_H 1
#define HAVE_STRING_H 1
#define HAVE_MEMORY_H 1
#define HAVE_STRINGS_H 1
#define HAVE_INTTYPES_H 1
#define HAVE_STDINT_H 1
#define HAVE_UNISTD_H 1
#define HAVE_DLFCN_H 1
#define LT_OBJDIR ".libs/"
#define HAVE_STDBOOL_H 1

configure: exit 0
